<?xml version="1.0" encoding="UTF-8"?>
<testng-results skipped="0" failed="0" total="1" passed="1">
  <reporter-output>
  </reporter-output>
  <suite name="Default suite" duration-ms="21568" started-at="2016-09-20T02:16:49Z" finished-at="2016-09-20T02:17:11Z">
    <groups>
    </groups>
    <test name="Default test" duration-ms="21568" started-at="2016-09-20T02:16:49Z" finished-at="2016-09-20T02:17:11Z">
      <class name="captureScreenshot.FacebookScreenshot">
        <test-method status="PASS" signature="captureScreenshot()[pri:0, instance:captureScreenshot.FacebookScreenshot@77cd7a0]" name="captureScreenshot" duration-ms="21478" started-at="2016-09-19T22:16:49Z" finished-at="2016-09-19T22:17:11Z">
          <reporter-output>
          </reporter-output>
        </test-method> <!-- captureScreenshot -->
      </class> <!-- captureScreenshot.FacebookScreenshot -->
    </test> <!-- Default test -->
  </suite> <!-- Default suite -->
</testng-results>
